<?xml version="1.0" encoding="UTF-8"?>
<!-- Generated by org.testng.reporters.JUnitXMLReporter -->
<testsuite ignored="0" hostname="LAPTOP-HM1JUSSO" failures="0" tests="1" name="Default test" time="0.065" errors="0" timestamp="2024-04-08T20:08:03 IST">
  <testcase classname="GenericLibraries.BaseClass" name="@BeforeClass Launchthebrowser" time="-1.712587083E9">
    <failure type="org.testng.TestNGException" message="
Parameter &amp;apos;Browsers&amp;apos; is required by BeforeClass on method Launchthebrowser but has not been marked @Optional or defined
in C:\Users\Naveen Dilllikumar\AppData\Local\Temp\testng-eclipse--1798403985\testng-customsuite.xml">
      <![CDATA[org.testng.TestNGException: 
Parameter 'Browsers' is required by BeforeClass on method Launchthebrowser but has not been marked @Optional or defined
in C:\Users\Naveen Dilllikumar\AppData\Local\Temp\testng-eclipse--1798403985\testng-customsuite.xml
at org.testng.internal.Parameters.createParams(Parameters.java:267)
at org.testng.internal.Parameters.createParametersForMethod(Parameters.java:355)
at org.testng.internal.Parameters.createParameters(Parameters.java:684)
at org.testng.internal.Parameters.createConfigurationParameters(Parameters.java:166)
at org.testng.internal.invokers.ConfigInvoker.invokeConfigurations(ConfigInvoker.java:306)
at org.testng.internal.invokers.TestMethodWorker.invokeBeforeClassMethods(TestMethodWorker.java:180)
at org.testng.internal.invokers.TestMethodWorker.run(TestMethodWorker.java:122)
at java.base/java.util.ArrayList.forEach(ArrayList.java:1511)
at org.testng.TestRunner.privateRun(TestRunner.java:848)
at org.testng.TestRunner.run(TestRunner.java:621)
at org.testng.SuiteRunner.runTest(SuiteRunner.java:443)
at org.testng.SuiteRunner.runSequentially(SuiteRunner.java:437)
at org.testng.SuiteRunner.privateRun(SuiteRunner.java:397)
at org.testng.SuiteRunner.run(SuiteRunner.java:336)
at org.testng.SuiteRunnerWorker.runSuite(SuiteRunnerWorker.java:52)
at org.testng.SuiteRunnerWorker.run(SuiteRunnerWorker.java:95)
at org.testng.TestNG.runSuitesSequentially(TestNG.java:1280)
at org.testng.TestNG.runSuitesLocally(TestNG.java:1200)
at org.testng.TestNG.runSuites(TestNG.java:1114)
at org.testng.TestNG.run(TestNG.java:1082)
at org.testng.remote.AbstractRemoteTestNG.run(AbstractRemoteTestNG.java:115)
at org.testng.remote.RemoteTestNG.initAndRun(RemoteTestNG.java:251)
at org.testng.remote.RemoteTestNG.main(RemoteTestNG.java:77)
]]>
    </failure>
  </testcase> <!-- @BeforeClass Launchthebrowser -->
  <testcase classname="GenericLibraries.BaseClass" name="@BeforeMethod Login" time="0.0">
    <skipped/>
  </testcase> <!-- @BeforeMethod Login -->
  <testcase classname="GenericLibraries.BaseClass" name="@AfterMethod Logout" time="0.0">
    <skipped/>
  </testcase> <!-- @AfterMethod Logout -->
  <testcase classname="GenericLibraries.BaseClass" name="@AfterClass BrowserClosed" time="0.0">
    <skipped/>
  </testcase> <!-- @AfterClass BrowserClosed -->
  <testcase classname="Testscripts.JewelrySystemTest" name="jewelry_system_001" time="0.001">
    <skipped/>
  </testcase> <!-- jewelry_system_001 -->
</testsuite> <!-- Default test -->
